[ERROR] /home/michael/Documents/Bachelorarbeit/githubprojects/java/graal/espresso/src/com.oracle.truffle.espresso.jdwp/src/com/oracle/truffle/espresso/jdwp/api/JDWPContext.java:322: First sentence should end with a period. [JavadocStyle]
[ERROR] /home/michael/Documents/Bachelorarbeit/githubprojects/java/graal/espresso/src/com.oracle.truffle.espresso.jdwp/src/com/oracle/truffle/espresso/jdwp/api/JDWPContext.java:330: First sentence should end with a period. [JavadocStyle]
[ERROR] /home/michael/Documents/Bachelorarbeit/githubprojects/java/graal/espresso/src/com.oracle.truffle.espresso.jdwp/src/com/oracle/truffle/espresso/jdwp/api/JDWPContext.java:354: First sentence should end with a period. [JavadocStyle]
[ERROR] /home/michael/Documents/Bachelorarbeit/githubprojects/java/graal/espresso/src/com.oracle.truffle.espresso.jdwp/src/com/oracle/truffle/espresso/jdwp/api/JDWPContext.java:395: First sentence should end with a period. [JavadocStyle]
[ERROR] /home/michael/Documents/Bachelorarbeit/githubprojects/java/graal/espresso/src/com.oracle.truffle.espresso.processor/src/com/oracle/truffle/espresso/processor/EspressoProcessor.java:443: First sentence should end with a period. [JavadocStyle]
[ERROR] /home/michael/Documents/Bachelorarbeit/githubprojects/java/graal/espresso/src/com.oracle.truffle.espresso.processor/src/com/oracle/truffle/espresso/processor/EspressoProcessor.java:629: First sentence should end with a period. [JavadocStyle]
[ERROR] /home/michael/Documents/Bachelorarbeit/githubprojects/java/graal/espresso/src/com.oracle.truffle.espresso.processor/src/com/oracle/truffle/espresso/processor/ProcessorUtils.java:57: First sentence should end with a period. [JavadocStyle]
[ERROR] /home/michael/Documents/Bachelorarbeit/githubprojects/java/graal/espresso/src/com.oracle.truffle.espresso.processor/src/com/oracle/truffle/espresso/processor/ProcessorUtils.java:62: First sentence should end with a period. [JavadocStyle]
[ERROR] /home/michael/Documents/Bachelorarbeit/githubprojects/java/graal/espresso/src/com.oracle.truffle.espresso.processor/src/com/oracle/truffle/espresso/processor/ProcessorUtils.java:75: First sentence should end with a period. [JavadocStyle]
[ERROR] /home/michael/Documents/Bachelorarbeit/githubprojects/java/graal/espresso/src/com.oracle.truffle.espresso.processor/src/com/oracle/truffle/espresso/processor/ProcessorUtils.java:85: First sentence should end with a period. [JavadocStyle]
[ERROR] /home/michael/Documents/Bachelorarbeit/githubprojects/java/graal/compiler/src/org.graalvm.compiler.hotspot.test/src/org/graalvm/compiler/hotspot/test/CheckGraalIntrinsics.java:421: Line is longer than 250 characters (found 363). [LineLength]
[ERROR] /home/michael/Documents/Bachelorarbeit/githubprojects/java/graal/compiler/src/org.graalvm.compiler.hotspot.test/src/org/graalvm/compiler/hotspot/test/CheckGraalIntrinsics.java:423: Line is longer than 250 characters (found 268). [LineLength]
[ERROR] /home/michael/Documents/Bachelorarbeit/githubprojects/java/graal/compiler/src/org.graalvm.compiler.hotspot.test/src/org/graalvm/compiler/hotspot/test/CheckGraalIntrinsics.java:424: Line is longer than 250 characters (found 323). [LineLength]
[ERROR] /home/michael/Documents/Bachelorarbeit/githubprojects/java/graal/compiler/src/org.graalvm.compiler.hotspot.test/src/org/graalvm/compiler/hotspot/test/CheckGraalIntrinsics.java:425: Line is longer than 250 characters (found 358). [LineLength]
[ERROR] /home/michael/Documents/Bachelorarbeit/githubprojects/java/graal/compiler/src/org.graalvm.compiler.hotspot.test/src/org/graalvm/compiler/hotspot/test/CheckGraalIntrinsics.java:427: Line is longer than 250 characters (found 253). [LineLength]
[ERROR] /home/michael/Documents/Bachelorarbeit/githubprojects/java/graal/compiler/src/org.graalvm.compiler.hotspot.test/src/org/graalvm/compiler/hotspot/test/CheckGraalIntrinsics.java:428: Line is longer than 250 characters (found 269). [LineLength]
[ERROR] /home/michael/Documents/Bachelorarbeit/githubprojects/java/graal/compiler/src/org.graalvm.compiler.hotspot.test/src/org/graalvm/compiler/hotspot/test/CheckGraalIntrinsics.java:429: Line is longer than 250 characters (found 381). [LineLength]
[ERROR] /home/michael/Documents/Bachelorarbeit/githubprojects/java/graal/compiler/src/org.graalvm.compiler.hotspot.test/src/org/graalvm/compiler/hotspot/test/CheckGraalIntrinsics.java:431: Line is longer than 250 characters (found 331). [LineLength]
[ERROR] /home/michael/Documents/Bachelorarbeit/githubprojects/java/graal/compiler/src/org.graalvm.compiler.hotspot.test/src/org/graalvm/compiler/hotspot/test/CheckGraalIntrinsics.java:433: Line is longer than 250 characters (found 282). [LineLength]
[ERROR] /home/michael/Documents/Bachelorarbeit/githubprojects/java/graal/compiler/src/org.graalvm.compiler.hotspot.test/src/org/graalvm/compiler/hotspot/test/CheckGraalIntrinsics.java:434: Line is longer than 250 characters (found 270). [LineLength]
[ERROR] /home/michael/Documents/Bachelorarbeit/githubprojects/java/graal/compiler/src/org.graalvm.compiler.hotspot.test/src/org/graalvm/compiler/hotspot/test/CheckGraalIntrinsics.java:435: Line is longer than 250 characters (found 253). [LineLength]
[ERROR] /home/michael/Documents/Bachelorarbeit/githubprojects/java/graal/compiler/src/org.graalvm.compiler.hotspot.test/src/org/graalvm/compiler/hotspot/test/CheckGraalIntrinsics.java:436: Line is longer than 250 characters (found 332). [LineLength]
[ERROR] /home/michael/Documents/Bachelorarbeit/githubprojects/java/graal/compiler/src/org.graalvm.compiler.hotspot.test/src/org/graalvm/compiler/hotspot/test/HotSpotBase64Test.java:40: Line is longer than 250 characters (found 300). [LineLength]
[ERROR] /home/michael/Documents/Bachelorarbeit/githubprojects/java/graal/compiler/src/org.graalvm.compiler.hotspot/src/org/graalvm/compiler/hotspot/package-info.java:25:1: Missing a Javadoc comment. [JavadocStyle]
[ERROR] /home/michael/Documents/Bachelorarbeit/githubprojects/java/graal/compiler/src/org.graalvm.compiler.truffle.options/src/org/graalvm/compiler/truffle/options/PolyglotCompilerOptions.java:322: Line is longer than 250 characters (found 293). [LineLength]
[ERROR] /home/michael/Documents/Bachelorarbeit/githubprojects/java/graal/compiler/src/org.graalvm.micro.benchmarks/src/micro/benchmarks/StringBenchmark.java:59: Line is longer than 250 characters (found 455). [LineLength]
[ERROR] /home/michael/Documents/Bachelorarbeit/githubprojects/java/graal/compiler/src/org.graalvm.micro.benchmarks/src/micro/benchmarks/StringBenchmark.java:60: Line is longer than 250 characters (found 463). [LineLength]
[ERROR] /home/michael/Documents/Bachelorarbeit/githubprojects/java/graal/compiler/src/org.graalvm.compiler.replacements.test/src/org/graalvm/compiler/replacements/test/StringIndexOfTestBase.java:48: Line is longer than 250 characters (found 283). [LineLength]
[ERROR] /home/michael/Documents/Bachelorarbeit/githubprojects/java/graal/sulong/projects/com.oracle.truffle.llvm.api/src/com/oracle/truffle/llvm/api/package-info.java:35: First sentence should end with a period. [JavadocStyle]
[ERROR] /home/michael/Documents/Bachelorarbeit/githubprojects/java/graal/tools/src/com.oracle.truffle.tools.chromeinspector.test/src/com/oracle/truffle/tools/chromeinspector/test/SLInspectDebugTest.java:212: Line is longer than 250 characters (found 300). [LineLength]
[ERROR] /home/michael/Documents/Bachelorarbeit/githubprojects/java/graal/tools/src/com.oracle.truffle.tools.chromeinspector.test/src/com/oracle/truffle/tools/chromeinspector/test/SLInspectDebugTest.java:213: Line is longer than 250 characters (found 298). [LineLength]
[ERROR] /home/michael/Documents/Bachelorarbeit/githubprojects/java/graal/tools/src/com.oracle.truffle.tools.chromeinspector.test/src/com/oracle/truffle/tools/chromeinspector/test/SLInspectDebugTest.java:253: Line is longer than 250 characters (found 300). [LineLength]
[ERROR] /home/michael/Documents/Bachelorarbeit/githubprojects/java/graal/tools/src/com.oracle.truffle.tools.chromeinspector.test/src/com/oracle/truffle/tools/chromeinspector/test/SLInspectDebugTest.java:254: Line is longer than 250 characters (found 298). [LineLength]
[ERROR] /home/michael/Documents/Bachelorarbeit/githubprojects/java/graal/tools/src/com.oracle.truffle.tools.chromeinspector.test/src/com/oracle/truffle/tools/chromeinspector/test/SLInspectDebugTest.java:345: Line is longer than 250 characters (found 300). [LineLength]
[ERROR] /home/michael/Documents/Bachelorarbeit/githubprojects/java/graal/tools/src/com.oracle.truffle.tools.chromeinspector.test/src/com/oracle/truffle/tools/chromeinspector/test/SLInspectDebugTest.java:346: Line is longer than 250 characters (found 298). [LineLength]
[ERROR] /home/michael/Documents/Bachelorarbeit/githubprojects/java/graal/tools/src/com.oracle.truffle.tools.chromeinspector.test/src/com/oracle/truffle/tools/chromeinspector/test/SLInspectDebugTest.java:426: Line is longer than 250 characters (found 300). [LineLength]
[ERROR] /home/michael/Documents/Bachelorarbeit/githubprojects/java/graal/tools/src/com.oracle.truffle.tools.chromeinspector.test/src/com/oracle/truffle/tools/chromeinspector/test/SLInspectDebugTest.java:427: Line is longer than 250 characters (found 298). [LineLength]
[ERROR] /home/michael/Documents/Bachelorarbeit/githubprojects/java/graal/tools/src/com.oracle.truffle.tools.chromeinspector.test/src/com/oracle/truffle/tools/chromeinspector/test/SLInspectDebugTest.java:575: Line is longer than 250 characters (found 300). [LineLength]
[ERROR] /home/michael/Documents/Bachelorarbeit/githubprojects/java/graal/tools/src/com.oracle.truffle.tools.chromeinspector.test/src/com/oracle/truffle/tools/chromeinspector/test/SLInspectDebugTest.java:576: Line is longer than 250 characters (found 297). [LineLength]
[ERROR] /home/michael/Documents/Bachelorarbeit/githubprojects/java/graal/tools/src/com.oracle.truffle.tools.chromeinspector.test/src/com/oracle/truffle/tools/chromeinspector/test/SLInspectDebugTest.java:587: Line is longer than 250 characters (found 280). [LineLength]
[ERROR] /home/michael/Documents/Bachelorarbeit/githubprojects/java/graal/tools/src/com.oracle.truffle.tools.chromeinspector.test/src/com/oracle/truffle/tools/chromeinspector/test/SLInspectDebugTest.java:619: Line is longer than 250 characters (found 282). [LineLength]
[ERROR] /home/michael/Documents/Bachelorarbeit/githubprojects/java/graal/tools/src/com.oracle.truffle.tools.chromeinspector.test/src/com/oracle/truffle/tools/chromeinspector/test/SLInspectDebugTest.java:656: Line is longer than 250 characters (found 300). [LineLength]
[ERROR] /home/michael/Documents/Bachelorarbeit/githubprojects/java/graal/tools/src/com.oracle.truffle.tools.chromeinspector.test/src/com/oracle/truffle/tools/chromeinspector/test/SLInspectDebugTest.java:657: Line is longer than 250 characters (found 297). [LineLength]
[ERROR] /home/michael/Documents/Bachelorarbeit/githubprojects/java/graal/tools/src/com.oracle.truffle.tools.chromeinspector.test/src/com/oracle/truffle/tools/chromeinspector/test/SLInspectDebugTest.java:668: Line is longer than 250 characters (found 282). [LineLength]
[ERROR] /home/michael/Documents/Bachelorarbeit/githubprojects/java/graal/tools/src/com.oracle.truffle.tools.chromeinspector.test/src/com/oracle/truffle/tools/chromeinspector/test/SLInspectDebugTest.java:693: Line is longer than 250 characters (found 284). [LineLength]
[ERROR] /home/michael/Documents/Bachelorarbeit/githubprojects/java/graal/tools/src/com.oracle.truffle.tools.chromeinspector.test/src/com/oracle/truffle/tools/chromeinspector/test/SLInspectDebugTest.java:732: Line is longer than 250 characters (found 300). [LineLength]
[ERROR] /home/michael/Documents/Bachelorarbeit/githubprojects/java/graal/tools/src/com.oracle.truffle.tools.chromeinspector.test/src/com/oracle/truffle/tools/chromeinspector/test/SLInspectDebugTest.java:733: Line is longer than 250 characters (found 298). [LineLength]
[ERROR] /home/michael/Documents/Bachelorarbeit/githubprojects/java/graal/tools/src/com.oracle.truffle.tools.chromeinspector.test/src/com/oracle/truffle/tools/chromeinspector/test/SLInspectDebugTest.java:780: Line is longer than 250 characters (found 252). [LineLength]
[ERROR] /home/michael/Documents/Bachelorarbeit/githubprojects/java/graal/tools/src/com.oracle.truffle.tools.chromeinspector.test/src/com/oracle/truffle/tools/chromeinspector/test/SLInspectDebugTest.java:782: Line is longer than 250 characters (found 252). [LineLength]
[ERROR] /home/michael/Documents/Bachelorarbeit/githubprojects/java/graal/tools/src/com.oracle.truffle.tools.chromeinspector.test/src/com/oracle/truffle/tools/chromeinspector/test/SLInspectDebugTest.java:809: Line is longer than 250 characters (found 300). [LineLength]
[ERROR] /home/michael/Documents/Bachelorarbeit/githubprojects/java/graal/tools/src/com.oracle.truffle.tools.chromeinspector.test/src/com/oracle/truffle/tools/chromeinspector/test/SLInspectDebugTest.java:810: Line is longer than 250 characters (found 299). [LineLength]
[ERROR] /home/michael/Documents/Bachelorarbeit/githubprojects/java/graal/tools/src/com.oracle.truffle.tools.chromeinspector.test/src/com/oracle/truffle/tools/chromeinspector/test/SLInspectDebugTest.java:813: Line is longer than 250 characters (found 269). [LineLength]
[ERROR] /home/michael/Documents/Bachelorarbeit/githubprojects/java/graal/tools/src/com.oracle.truffle.tools.chromeinspector.test/src/com/oracle/truffle/tools/chromeinspector/test/SLInspectDebugTest.java:816: Line is longer than 250 characters (found 269). [LineLength]
[ERROR] /home/michael/Documents/Bachelorarbeit/githubprojects/java/graal/tools/src/com.oracle.truffle.tools.chromeinspector.test/src/com/oracle/truffle/tools/chromeinspector/test/SLInspectDebugTest.java:866: Line is longer than 250 characters (found 301). [LineLength]
[ERROR] /home/michael/Documents/Bachelorarbeit/githubprojects/java/graal/tools/src/com.oracle.truffle.tools.chromeinspector.test/src/com/oracle/truffle/tools/chromeinspector/test/SLInspectDebugTest.java:870: Line is longer than 250 characters (found 305). [LineLength]
[ERROR] /home/michael/Documents/Bachelorarbeit/githubprojects/java/graal/tools/src/com.oracle.truffle.tools.chromeinspector.test/src/com/oracle/truffle/tools/chromeinspector/test/SLInspectDebugTest.java:1049: Line is longer than 250 characters (found 300). [LineLength]
[ERROR] /home/michael/Documents/Bachelorarbeit/githubprojects/java/graal/tools/src/com.oracle.truffle.tools.chromeinspector.test/src/com/oracle/truffle/tools/chromeinspector/test/SLInspectDebugTest.java:1135: Line is longer than 250 characters (found 300). [LineLength]
[ERROR] /home/michael/Documents/Bachelorarbeit/githubprojects/java/graal/tools/src/com.oracle.truffle.tools.chromeinspector.test/src/com/oracle/truffle/tools/chromeinspector/test/SLInspectDebugTest.java:1136: Line is longer than 250 characters (found 309). [LineLength]
[ERROR] /home/michael/Documents/Bachelorarbeit/githubprojects/java/graal/tools/src/com.oracle.truffle.tools.chromeinspector.test/src/com/oracle/truffle/tools/chromeinspector/test/SLInspectDebugTest.java:1139: Line is longer than 250 characters (found 305). [LineLength]
[ERROR] /home/michael/Documents/Bachelorarbeit/githubprojects/java/graal/tools/src/com.oracle.truffle.tools.chromeinspector.test/src/com/oracle/truffle/tools/chromeinspector/test/SLInspectDebugTest.java:1142: Line is longer than 250 characters (found 300). [LineLength]
[ERROR] /home/michael/Documents/Bachelorarbeit/githubprojects/java/graal/tools/src/com.oracle.truffle.tools.chromeinspector.test/src/com/oracle/truffle/tools/chromeinspector/test/SLInspectDebugTest.java:1256: Line is longer than 250 characters (found 300). [LineLength]
[ERROR] /home/michael/Documents/Bachelorarbeit/githubprojects/java/graal/tools/src/com.oracle.truffle.tools.chromeinspector.test/src/com/oracle/truffle/tools/chromeinspector/test/SLInspectDebugTest.java:1257: Line is longer than 250 characters (found 298). [LineLength]
[ERROR] /home/michael/Documents/Bachelorarbeit/githubprojects/java/graal/tools/src/com.oracle.truffle.tools.chromeinspector.test/src/com/oracle/truffle/tools/chromeinspector/test/SLInspectDebugTest.java:1384: Line is longer than 250 characters (found 300). [LineLength]
[ERROR] /home/michael/Documents/Bachelorarbeit/githubprojects/java/graal/tools/src/com.oracle.truffle.tools.chromeinspector.test/src/com/oracle/truffle/tools/chromeinspector/test/SLInspectDebugTest.java:1385: Line is longer than 250 characters (found 298). [LineLength]
[ERROR] /home/michael/Documents/Bachelorarbeit/githubprojects/java/graal/tools/src/com.oracle.truffle.tools.chromeinspector.test/src/com/oracle/truffle/tools/chromeinspector/test/SLInspectDebugTest.java:1515: Line is longer than 250 characters (found 252). [LineLength]
[ERROR] /home/michael/Documents/Bachelorarbeit/githubprojects/java/graal/tools/src/com.oracle.truffle.tools.chromeinspector.test/src/com/oracle/truffle/tools/chromeinspector/test/SLInspectDebugTest.java:1595: Line is longer than 250 characters (found 300). [LineLength]
[ERROR] /home/michael/Documents/Bachelorarbeit/githubprojects/java/graal/tools/src/com.oracle.truffle.tools.chromeinspector.test/src/com/oracle/truffle/tools/chromeinspector/test/SLInspectDebugTest.java:1596: Line is longer than 250 characters (found 295). [LineLength]
[ERROR] /home/michael/Documents/Bachelorarbeit/githubprojects/java/graal/tools/src/com.oracle.truffle.tools.chromeinspector.test/src/com/oracle/truffle/tools/chromeinspector/test/SLInspectDebugTest.java:1676: Line is longer than 250 characters (found 300). [LineLength]
[ERROR] /home/michael/Documents/Bachelorarbeit/githubprojects/java/graal/tools/src/com.oracle.truffle.tools.chromeinspector.test/src/com/oracle/truffle/tools/chromeinspector/test/SLInspectDebugTest.java:1677: Line is longer than 250 characters (found 295). [LineLength]
[ERROR] /home/michael/Documents/Bachelorarbeit/githubprojects/java/graal/tools/src/com.oracle.truffle.tools.chromeinspector.test/src/com/oracle/truffle/tools/chromeinspector/test/SLInspectDebugTest.java:1688: Line is longer than 250 characters (found 262). [LineLength]
[ERROR] /home/michael/Documents/Bachelorarbeit/githubprojects/java/graal/tools/src/com.oracle.truffle.tools.chromeinspector.test/src/com/oracle/truffle/tools/chromeinspector/test/SLInspectDebugTest.java:1691: Line is longer than 250 characters (found 262). [LineLength]
[ERROR] /home/michael/Documents/Bachelorarbeit/githubprojects/java/graal/tools/src/com.oracle.truffle.tools.chromeinspector.test/src/com/oracle/truffle/tools/chromeinspector/test/SLInspectDebugTest.java:1694: Line is longer than 250 characters (found 263). [LineLength]
[ERROR] /home/michael/Documents/Bachelorarbeit/githubprojects/java/graal/tools/src/com.oracle.truffle.tools.chromeinspector.test/src/com/oracle/truffle/tools/chromeinspector/test/SLInspectDebugTest.java:1697: Line is longer than 250 characters (found 265). [LineLength]
[ERROR] /home/michael/Documents/Bachelorarbeit/githubprojects/java/graal/tools/src/com.oracle.truffle.tools.chromeinspector.test/src/com/oracle/truffle/tools/chromeinspector/test/SLInspectDebugTest.java:1698: Line is longer than 250 characters (found 273). [LineLength]
[ERROR] /home/michael/Documents/Bachelorarbeit/githubprojects/java/graal/tools/src/com.oracle.truffle.tools.chromeinspector.test/src/com/oracle/truffle/tools/chromeinspector/test/SLInspectDebugTest.java:1711: Line is longer than 250 characters (found 273). [LineLength]
[ERROR] /home/michael/Documents/Bachelorarbeit/githubprojects/java/graal/tools/src/com.oracle.truffle.tools.chromeinspector.test/src/com/oracle/truffle/tools/chromeinspector/test/SLInspectDebugTest.java:1714: Line is longer than 250 characters (found 264). [LineLength]
[ERROR] /home/michael/Documents/Bachelorarbeit/githubprojects/java/graal/tools/src/com.oracle.truffle.tools.chromeinspector.test/src/com/oracle/truffle/tools/chromeinspector/test/SLInspectDebugTest.java:1745: Line is longer than 250 characters (found 300). [LineLength]
[ERROR] /home/michael/Documents/Bachelorarbeit/githubprojects/java/graal/tools/src/com.oracle.truffle.tools.chromeinspector.test/src/com/oracle/truffle/tools/chromeinspector/test/SLInspectDebugTest.java:1746: Line is longer than 250 characters (found 295). [LineLength]
[ERROR] /home/michael/Documents/Bachelorarbeit/githubprojects/java/graal/tools/src/com.oracle.truffle.tools.chromeinspector.test/src/com/oracle/truffle/tools/chromeinspector/test/SLInspectDebugTest.java:1794: Line is longer than 250 characters (found 300). [LineLength]
[ERROR] /home/michael/Documents/Bachelorarbeit/githubprojects/java/graal/tools/src/com.oracle.truffle.tools.chromeinspector.test/src/com/oracle/truffle/tools/chromeinspector/test/SLInspectDebugTest.java:1795: Line is longer than 250 characters (found 321). [LineLength]
[ERROR] /home/michael/Documents/Bachelorarbeit/githubprojects/java/graal/tools/src/com.oracle.truffle.tools.chromeinspector.test/src/com/oracle/truffle/tools/chromeinspector/test/SLInspectDebugTest.java:1812: Line is longer than 250 characters (found 293). [LineLength]
[ERROR] /home/michael/Documents/Bachelorarbeit/githubprojects/java/graal/tools/src/com.oracle.truffle.tools.chromeinspector.test/src/com/oracle/truffle/tools/chromeinspector/test/SLInspectDebugTest.java:1814: Line is longer than 250 characters (found 270). [LineLength]
[ERROR] /home/michael/Documents/Bachelorarbeit/githubprojects/java/graal/tools/src/com.oracle.truffle.tools.chromeinspector.test/src/com/oracle/truffle/tools/chromeinspector/test/SLInspectDebugTest.java:1815: Line is longer than 250 characters (found 252). [LineLength]
[ERROR] /home/michael/Documents/Bachelorarbeit/githubprojects/java/graal/tools/src/com.oracle.truffle.tools.chromeinspector.test/src/com/oracle/truffle/tools/chromeinspector/test/SLInspectDebugTest.java:1849: Line is longer than 250 characters (found 369). [LineLength]
[ERROR] /home/michael/Documents/Bachelorarbeit/githubprojects/java/graal/tools/src/com.oracle.truffle.tools.chromeinspector.test/src/com/oracle/truffle/tools/chromeinspector/test/SLInspectDebugTest.java:1850: Line is longer than 250 characters (found 251). [LineLength]
[ERROR] /home/michael/Documents/Bachelorarbeit/githubprojects/java/graal/tools/src/com.oracle.truffle.tools.chromeinspector.test/src/com/oracle/truffle/tools/chromeinspector/test/SLInspectDebugTest.java:1851: Line is longer than 250 characters (found 270). [LineLength]
[ERROR] /home/michael/Documents/Bachelorarbeit/githubprojects/java/graal/tools/src/com.oracle.truffle.tools.chromeinspector.test/src/com/oracle/truffle/tools/chromeinspector/test/SLInspectDebugTest.java:1852: Line is longer than 250 characters (found 312). [LineLength]
[ERROR] /home/michael/Documents/Bachelorarbeit/githubprojects/java/graal/tools/src/com.oracle.truffle.tools.chromeinspector.test/src/com/oracle/truffle/tools/chromeinspector/test/SLInspectDebugTest.java:1879: Line is longer than 250 characters (found 300). [LineLength]
[ERROR] /home/michael/Documents/Bachelorarbeit/githubprojects/java/graal/tools/src/com.oracle.truffle.tools.chromeinspector.test/src/com/oracle/truffle/tools/chromeinspector/test/SLInspectDebugTest.java:1880: Line is longer than 250 characters (found 324). [LineLength]
[ERROR] /home/michael/Documents/Bachelorarbeit/githubprojects/java/graal/tools/src/com.oracle.truffle.tools.chromeinspector.test/src/com/oracle/truffle/tools/chromeinspector/test/SLInspectDebugTest.java:1892: Line is longer than 250 characters (found 290). [LineLength]
[ERROR] /home/michael/Documents/Bachelorarbeit/githubprojects/java/graal/tools/src/com.oracle.truffle.tools.chromeinspector.test/src/com/oracle/truffle/tools/chromeinspector/test/SLInspectDebugTest.java:1894: Line is longer than 250 characters (found 1,086). [LineLength]
[ERROR] /home/michael/Documents/Bachelorarbeit/githubprojects/java/graal/tools/src/com.oracle.truffle.tools.chromeinspector.test/src/com/oracle/truffle/tools/chromeinspector/test/SLInspectDebugTest.java:1923: Line is longer than 250 characters (found 300). [LineLength]
[ERROR] /home/michael/Documents/Bachelorarbeit/githubprojects/java/graal/tools/src/com.oracle.truffle.tools.chromeinspector.test/src/com/oracle/truffle/tools/chromeinspector/test/SLInspectDebugTest.java:1924: Line is longer than 250 characters (found 324). [LineLength]
[ERROR] /home/michael/Documents/Bachelorarbeit/githubprojects/java/graal/tools/src/com.oracle.truffle.tools.chromeinspector.test/src/com/oracle/truffle/tools/chromeinspector/test/SLInspectDebugTest.java:1934: Line is longer than 250 characters (found 376). [LineLength]
[ERROR] /home/michael/Documents/Bachelorarbeit/githubprojects/java/graal/tools/src/com.oracle.truffle.tools.chromeinspector.test/src/com/oracle/truffle/tools/chromeinspector/test/SLInspectDebugTest.java:1963: Line is longer than 250 characters (found 300). [LineLength]
[ERROR] /home/michael/Documents/Bachelorarbeit/githubprojects/java/graal/tools/src/com.oracle.truffle.tools.chromeinspector.test/src/com/oracle/truffle/tools/chromeinspector/test/SLInspectDebugTest.java:1964: Line is longer than 250 characters (found 298). [LineLength]
[ERROR] /home/michael/Documents/Bachelorarbeit/githubprojects/java/graal/tools/src/com.oracle.truffle.tools.chromeinspector.test/src/com/oracle/truffle/tools/chromeinspector/test/SLInspectDebugTest.java:1981: Line is longer than 250 characters (found 287). [LineLength]
[ERROR] /home/michael/Documents/Bachelorarbeit/githubprojects/java/graal/tools/src/com.oracle.truffle.tools.chromeinspector.test/src/com/oracle/truffle/tools/chromeinspector/test/SLInspectDebugTest.java:2019: Line is longer than 250 characters (found 300). [LineLength]
[ERROR] /home/michael/Documents/Bachelorarbeit/githubprojects/java/graal/tools/src/com.oracle.truffle.tools.chromeinspector.test/src/com/oracle/truffle/tools/chromeinspector/test/SLInspectDebugTest.java:2020: Line is longer than 250 characters (found 330). [LineLength]
[ERROR] /home/michael/Documents/Bachelorarbeit/githubprojects/java/graal/tools/src/com.oracle.truffle.tools.chromeinspector.test/src/com/oracle/truffle/tools/chromeinspector/test/RelativeSourceInspectDebugTest.java:146: Line is longer than 250 characters (found 291). [LineLength]
[ERROR] /home/michael/Documents/Bachelorarbeit/githubprojects/java/graal/tools/src/com.oracle.truffle.tools.chromeinspector.test/src/com/oracle/truffle/tools/chromeinspector/test/RelativeSourceInspectDebugTest.java:195: Line is longer than 250 characters (found 311). [LineLength]
[ERROR] /home/michael/Documents/Bachelorarbeit/githubprojects/java/graal/tools/src/com.oracle.truffle.tools.chromeinspector.test/src/com/oracle/truffle/tools/chromeinspector/test/RelativeSourceInspectDebugTest.java:312: Line is longer than 250 characters (found 340). [LineLength]
[ERROR] /home/michael/Documents/Bachelorarbeit/githubprojects/java/graal/tools/src/com.oracle.truffle.tools.chromeinspector.test/src/com/oracle/truffle/tools/chromeinspector/test/BuggyLanguageInspectDebugTest.java:344: Line is longer than 250 characters (found 296). [LineLength]
[ERROR] /home/michael/Documents/Bachelorarbeit/githubprojects/java/graal/tools/src/com.oracle.truffle.tools.chromeinspector.test/src/com/oracle/truffle/tools/chromeinspector/test/BuggyLanguageInspectDebugTest.java:373: Line is longer than 250 characters (found 296). [LineLength]
[ERROR] /home/michael/Documents/Bachelorarbeit/githubprojects/java/graal/tools/src/com.oracle.truffle.tools.chromeinspector.test/src/com/oracle/truffle/tools/chromeinspector/test/BuggyLanguageInspectDebugTest.java:401: Line is longer than 250 characters (found 296). [LineLength]
[ERROR] /home/michael/Documents/Bachelorarbeit/githubprojects/java/graal/tools/src/com.oracle.truffle.tools.chromeinspector.test/src/com/oracle/truffle/tools/chromeinspector/test/BuggyLanguageInspectDebugTest.java:418: Line is longer than 250 characters (found 296). [LineLength]
[ERROR] /home/michael/Documents/Bachelorarbeit/githubprojects/java/graal/tools/src/com.oracle.truffle.tools.chromeinspector.test/src/com/oracle/truffle/tools/chromeinspector/test/BuggyLanguageInspectDebugTest.java:443: Line is longer than 250 characters (found 296). [LineLength]
[ERROR] /home/michael/Documents/Bachelorarbeit/githubprojects/java/graal/tools/src/com.oracle.truffle.tools.chromeinspector.test/src/com/oracle/truffle/tools/chromeinspector/test/LazyAccessInspectDebugLegacyTest.java:152: Line is longer than 250 characters (found 253). [LineLength]
[ERROR] /home/michael/Documents/Bachelorarbeit/githubprojects/java/graal/tools/src/com.oracle.truffle.tools.chromeinspector.test/src/com/oracle/truffle/tools/chromeinspector/test/ITLInspectDebugTest.java:245: Line is longer than 250 characters (found 257). [LineLength]
[ERROR] /home/michael/Documents/Bachelorarbeit/githubprojects/java/graal/tools/src/com.oracle.truffle.tools.chromeinspector.test/src/com/oracle/truffle/tools/chromeinspector/test/ITLInspectDebugTest.java:280: Line is longer than 250 characters (found 309). [LineLength]
[ERROR] /home/michael/Documents/Bachelorarbeit/githubprojects/java/graal/tools/src/com.oracle.truffle.tools.chromeinspector.test/src/com/oracle/truffle/tools/chromeinspector/test/ITLInspectDebugTest.java:283: Line is longer than 250 characters (found 309). [LineLength]
[ERROR] /home/michael/Documents/Bachelorarbeit/githubprojects/java/graal/tools/src/com.oracle.truffle.tools.chromeinspector.test/src/com/oracle/truffle/tools/chromeinspector/test/ITLInspectDebugTest.java:297: Line is longer than 250 characters (found 285). [LineLength]
[ERROR] /home/michael/Documents/Bachelorarbeit/githubprojects/java/graal/tools/src/com.oracle.truffle.tools.chromeinspector.test/src/com/oracle/truffle/tools/chromeinspector/test/ITLInspectDebugTest.java:410: Line is longer than 250 characters (found 313). [LineLength]
[ERROR] /home/michael/Documents/Bachelorarbeit/githubprojects/java/graal/tools/src/com.oracle.truffle.tools.chromeinspector.test/src/com/oracle/truffle/tools/chromeinspector/test/ITLInspectDebugTest.java:492: Line is longer than 250 characters (found 330). [LineLength]
[ERROR] /home/michael/Documents/Bachelorarbeit/githubprojects/java/graal/tools/src/com.oracle.truffle.tools.chromeinspector.test/src/com/oracle/truffle/tools/chromeinspector/test/LazyAccessInspectDebugTest.java:151: Line is longer than 250 characters (found 253). [LineLength]
[ERROR] /home/michael/Documents/Bachelorarbeit/githubprojects/java/graal/tools/src/com.oracle.truffle.tools.chromeinspector.test/src/com/oracle/truffle/tools/chromeinspector/test/BuggyLanguageInspectDebugLegacyTest.java:341: Line is longer than 250 characters (found 296). [LineLength]
[ERROR] /home/michael/Documents/Bachelorarbeit/githubprojects/java/graal/tools/src/com.oracle.truffle.tools.chromeinspector.test/src/com/oracle/truffle/tools/chromeinspector/test/BuggyLanguageInspectDebugLegacyTest.java:370: Line is longer than 250 characters (found 296). [LineLength]
[ERROR] /home/michael/Documents/Bachelorarbeit/githubprojects/java/graal/tools/src/com.oracle.truffle.tools.chromeinspector.test/src/com/oracle/truffle/tools/chromeinspector/test/BuggyLanguageInspectDebugLegacyTest.java:398: Line is longer than 250 characters (found 296). [LineLength]
[ERROR] /home/michael/Documents/Bachelorarbeit/githubprojects/java/graal/tools/src/com.oracle.truffle.tools.chromeinspector.test/src/com/oracle/truffle/tools/chromeinspector/test/BuggyLanguageInspectDebugLegacyTest.java:415: Line is longer than 250 characters (found 296). [LineLength]
[ERROR] /home/michael/Documents/Bachelorarbeit/githubprojects/java/graal/tools/src/com.oracle.truffle.tools.chromeinspector.test/src/com/oracle/truffle/tools/chromeinspector/test/BuggyLanguageInspectDebugLegacyTest.java:440: Line is longer than 250 characters (found 296). [LineLength]
[ERROR] /home/michael/Documents/Bachelorarbeit/githubprojects/java/graal/tools/src/com.oracle.truffle.tools.chromeinspector.test/src/com/oracle/truffle/tools/chromeinspector/test/InspectorReceiverTest.java:75: Line is longer than 250 characters (found 256). [LineLength]
[ERROR] /home/michael/Documents/Bachelorarbeit/githubprojects/java/graal/tools/src/com.oracle.truffle.tools.chromeinspector.test/src/com/oracle/truffle/tools/chromeinspector/test/InspectorReceiverTest.java:123: Line is longer than 250 characters (found 256). [LineLength]
[ERROR] /home/michael/Documents/Bachelorarbeit/githubprojects/java/graal/tools/src/com.oracle.truffle.tools.chromeinspector.test/src/com/oracle/truffle/tools/chromeinspector/test/InspectorReceiverTest.java:127: Line is longer than 250 characters (found 256). [LineLength]
[ERROR] /home/michael/Documents/Bachelorarbeit/githubprojects/java/graal/tools/src/com.oracle.truffle.tools.chromeinspector.test/src/com/oracle/truffle/tools/chromeinspector/test/InspectorReceiverTest.java:181: Line is longer than 250 characters (found 256). [LineLength]
[ERROR] /home/michael/Documents/Bachelorarbeit/githubprojects/java/graal/tools/src/com.oracle.truffle.tools.chromeinspector.test/src/com/oracle/truffle/tools/chromeinspector/test/InspectorReceiverTest.java:185: Line is longer than 250 characters (found 256). [LineLength]
[ERROR] /home/michael/Documents/Bachelorarbeit/githubprojects/java/graal/tools/src/com.oracle.truffle.tools.chromeinspector.test/src/com/oracle/truffle/tools/chromeinspector/test/InspectorReceiverTest.java:190: Line is longer than 250 characters (found 256). [LineLength]
[ERROR] /home/michael/Documents/Bachelorarbeit/githubprojects/java/graal/tools/src/com.oracle.truffle.tools.chromeinspector.test/src/com/oracle/truffle/tools/chromeinspector/test/InspectorReceiverTest.java:235: Line is longer than 250 characters (found 256). [LineLength]
[ERROR] /home/michael/Documents/Bachelorarbeit/githubprojects/java/graal/tools/src/com.oracle.truffle.tools.dap.test/src/com/oracle/truffle/tools/dap/test/SimpleLanguageDAPTest.java:159: Line is longer than 250 characters (found 417). [LineLength]
[ERROR] /home/michael/Documents/Bachelorarbeit/githubprojects/java/graal/tools/src/com.oracle.truffle.tools.dap.test/src/com/oracle/truffle/tools/dap/test/SimpleLanguageDAPTest.java:162: Line is longer than 250 characters (found 595). [LineLength]
[ERROR] /home/michael/Documents/Bachelorarbeit/githubprojects/java/graal/tools/src/com.oracle.truffle.tools.dap.test/src/com/oracle/truffle/tools/dap/test/SimpleLanguageDAPTest.java:181: Line is longer than 250 characters (found 304). [LineLength]
[ERROR] /home/michael/Documents/Bachelorarbeit/githubprojects/java/graal/tools/src/com.oracle.truffle.tools.dap.test/src/com/oracle/truffle/tools/dap/test/SimpleLanguageDAPTest.java:184: Line is longer than 250 characters (found 269). [LineLength]
[ERROR] /home/michael/Documents/Bachelorarbeit/githubprojects/java/graal/tools/src/com.oracle.truffle.tools.dap.test/src/com/oracle/truffle/tools/dap/test/SimpleLanguageDAPTest.java:201: Line is longer than 250 characters (found 417). [LineLength]
[ERROR] /home/michael/Documents/Bachelorarbeit/githubprojects/java/graal/tools/src/com.oracle.truffle.tools.dap.test/src/com/oracle/truffle/tools/dap/test/SimpleLanguageDAPTest.java:204: Line is longer than 250 characters (found 595). [LineLength]
[ERROR] /home/michael/Documents/Bachelorarbeit/githubprojects/java/graal/tools/src/com.oracle.truffle.tools.dap.test/src/com/oracle/truffle/tools/dap/test/SimpleLanguageDAPTest.java:223: Line is longer than 250 characters (found 304). [LineLength]
[ERROR] /home/michael/Documents/Bachelorarbeit/githubprojects/java/graal/tools/src/com.oracle.truffle.tools.dap.test/src/com/oracle/truffle/tools/dap/test/SimpleLanguageDAPTest.java:234: Line is longer than 250 characters (found 304). [LineLength]
[ERROR] /home/michael/Documents/Bachelorarbeit/githubprojects/java/graal/tools/src/com.oracle.truffle.tools.dap.test/src/com/oracle/truffle/tools/dap/test/SimpleLanguageDAPTest.java:245: Line is longer than 250 characters (found 429). [LineLength]
[ERROR] /home/michael/Documents/Bachelorarbeit/githubprojects/java/graal/tools/src/com.oracle.truffle.tools.dap.test/src/com/oracle/truffle/tools/dap/test/SimpleLanguageDAPTest.java:256: Line is longer than 250 characters (found 306). [LineLength]
[ERROR] /home/michael/Documents/Bachelorarbeit/githubprojects/java/graal/tools/src/com.oracle.truffle.tools.dap.test/src/com/oracle/truffle/tools/dap/test/SimpleLanguageDAPTest.java:270: Line is longer than 250 characters (found 417). [LineLength]
[ERROR] /home/michael/Documents/Bachelorarbeit/githubprojects/java/graal/tools/src/com.oracle.truffle.tools.dap.test/src/com/oracle/truffle/tools/dap/test/SimpleLanguageDAPTest.java:273: Line is longer than 250 characters (found 595). [LineLength]
[ERROR] /home/michael/Documents/Bachelorarbeit/githubprojects/java/graal/tools/src/com.oracle.truffle.tools.dap.test/src/com/oracle/truffle/tools/dap/test/SimpleLanguageDAPTest.java:295: Line is longer than 250 characters (found 428). [LineLength]
[ERROR] /home/michael/Documents/Bachelorarbeit/githubprojects/java/graal/tools/src/com.oracle.truffle.tools.dap.test/src/com/oracle/truffle/tools/dap/test/SimpleLanguageDAPTest.java:297: Line is longer than 250 characters (found 262). [LineLength]
[ERROR] /home/michael/Documents/Bachelorarbeit/githubprojects/java/graal/tools/src/com.oracle.truffle.tools.dap.test/src/com/oracle/truffle/tools/dap/test/SimpleLanguageDAPTest.java:298: Line is longer than 250 characters (found 341). [LineLength]
[ERROR] /home/michael/Documents/Bachelorarbeit/githubprojects/java/graal/tools/src/com.oracle.truffle.tools.dap.test/src/com/oracle/truffle/tools/dap/test/SimpleLanguageDAPTest.java:309: Line is longer than 250 characters (found 305). [LineLength]
[ERROR] /home/michael/Documents/Bachelorarbeit/githubprojects/java/graal/tools/src/com.oracle.truffle.tools.dap.test/src/com/oracle/truffle/tools/dap/test/SimpleLanguageDAPTest.java:323: Line is longer than 250 characters (found 417). [LineLength]
[ERROR] /home/michael/Documents/Bachelorarbeit/githubprojects/java/graal/tools/src/com.oracle.truffle.tools.dap.test/src/com/oracle/truffle/tools/dap/test/SimpleLanguageDAPTest.java:326: Line is longer than 250 characters (found 595). [LineLength]
[ERROR] /home/michael/Documents/Bachelorarbeit/githubprojects/java/graal/tools/src/com.oracle.truffle.tools.dap.test/src/com/oracle/truffle/tools/dap/test/SimpleLanguageDAPTest.java:345: Line is longer than 250 characters (found 297). [LineLength]
[ERROR] /home/michael/Documents/Bachelorarbeit/githubprojects/java/graal/tools/src/com.oracle.truffle.tools.dap.test/src/com/oracle/truffle/tools/dap/test/SimpleLanguageDAPTest.java:348: Line is longer than 250 characters (found 257). [LineLength]
[ERROR] /home/michael/Documents/Bachelorarbeit/githubprojects/java/graal/tools/src/com.oracle.truffle.tools.dap.test/src/com/oracle/truffle/tools/dap/test/SimpleLanguageDAPTest.java:359: Line is longer than 250 characters (found 415). [LineLength]
[ERROR] /home/michael/Documents/Bachelorarbeit/githubprojects/java/graal/tools/src/com.oracle.truffle.tools.dap.test/src/com/oracle/truffle/tools/dap/test/SimpleLanguageDAPTest.java:361: Line is longer than 250 characters (found 256). [LineLength]
[ERROR] /home/michael/Documents/Bachelorarbeit/githubprojects/java/graal/tools/src/com.oracle.truffle.tools.dap.test/src/com/oracle/truffle/tools/dap/test/SimpleLanguageDAPTest.java:362: Line is longer than 250 characters (found 342). [LineLength]
[ERROR] /home/michael/Documents/Bachelorarbeit/githubprojects/java/graal/tools/src/com.oracle.truffle.tools.dap.test/src/com/oracle/truffle/tools/dap/test/SimpleLanguageDAPTest.java:373: Line is longer than 250 characters (found 298). [LineLength]
[ERROR] /home/michael/Documents/Bachelorarbeit/githubprojects/java/graal/tools/src/com.oracle.truffle.tools.dap.test/src/com/oracle/truffle/tools/dap/test/SimpleLanguageDAPTest.java:387: Line is longer than 250 characters (found 417). [LineLength]
[ERROR] /home/michael/Documents/Bachelorarbeit/githubprojects/java/graal/tools/src/com.oracle.truffle.tools.dap.test/src/com/oracle/truffle/tools/dap/test/SimpleLanguageDAPTest.java:390: Line is longer than 250 characters (found 595). [LineLength]
[ERROR] /home/michael/Documents/Bachelorarbeit/githubprojects/java/graal/tools/src/com.oracle.truffle.tools.dap.test/src/com/oracle/truffle/tools/dap/test/SimpleLanguageDAPTest.java:396: Line is longer than 250 characters (found 262). [LineLength]
[ERROR] /home/michael/Documents/Bachelorarbeit/githubprojects/java/graal/tools/src/com.oracle.truffle.tools.dap.test/src/com/oracle/truffle/tools/dap/test/SimpleLanguageDAPTest.java:397: Line is longer than 250 characters (found 254). [LineLength]
[ERROR] /home/michael/Documents/Bachelorarbeit/githubprojects/java/graal/tools/src/com.oracle.truffle.tools.dap.test/src/com/oracle/truffle/tools/dap/test/SimpleLanguageDAPTest.java:414: Line is longer than 250 characters (found 305). [LineLength]
[ERROR] /home/michael/Documents/Bachelorarbeit/githubprojects/java/graal/tools/src/com.oracle.truffle.tools.dap.test/src/com/oracle/truffle/tools/dap/test/SimpleLanguageDAPTest.java:425: Line is longer than 250 characters (found 305). [LineLength]
[ERROR] /home/michael/Documents/Bachelorarbeit/githubprojects/java/graal/tools/src/com.oracle.truffle.tools.dap.test/src/com/oracle/truffle/tools/dap/test/SimpleLanguageDAPTest.java:436: Line is longer than 250 characters (found 429). [LineLength]
[ERROR] /home/michael/Documents/Bachelorarbeit/githubprojects/java/graal/tools/src/com.oracle.truffle.tools.dap.test/src/com/oracle/truffle/tools/dap/test/SimpleLanguageDAPTest.java:439: Line is longer than 250 characters (found 258). [LineLength]
[ERROR] /home/michael/Documents/Bachelorarbeit/githubprojects/java/graal/tools/src/com.oracle.truffle.tools.dap.test/src/com/oracle/truffle/tools/dap/test/SimpleLanguageDAPTest.java:450: Line is longer than 250 characters (found 306). [LineLength]
[ERROR] /home/michael/Documents/Bachelorarbeit/githubprojects/java/graal/tools/src/com.oracle.truffle.tools.dap.test/src/com/oracle/truffle/tools/dap/test/SimpleLanguageDAPTest.java:461: Line is longer than 250 characters (found 305). [LineLength]
[ERROR] /home/michael/Documents/Bachelorarbeit/githubprojects/java/graal/tools/src/com.oracle.truffle.tools.dap.test/src/com/oracle/truffle/tools/dap/test/SimpleLanguageDAPTest.java:472: Line is longer than 250 characters (found 305). [LineLength]
[ERROR] /home/michael/Documents/Bachelorarbeit/githubprojects/java/graal/tools/src/com.oracle.truffle.tools.dap.test/src/com/oracle/truffle/tools/dap/test/SimpleLanguageDAPTest.java:489: Line is longer than 250 characters (found 417). [LineLength]
[ERROR] /home/michael/Documents/Bachelorarbeit/githubprojects/java/graal/tools/src/com.oracle.truffle.tools.dap.test/src/com/oracle/truffle/tools/dap/test/SimpleLanguageDAPTest.java:492: Line is longer than 250 characters (found 595). [LineLength]
[ERROR] /home/michael/Documents/Bachelorarbeit/githubprojects/java/graal/tools/src/com.oracle.truffle.tools.dap.test/src/com/oracle/truffle/tools/dap/test/SimpleLanguageDAPTest.java:511: Line is longer than 250 characters (found 304). [LineLength]
[ERROR] /home/michael/Documents/Bachelorarbeit/githubprojects/java/graal/tools/src/com.oracle.truffle.tools.dap.test/src/com/oracle/truffle/tools/dap/test/SimpleLanguageDAPTest.java:514: Line is longer than 250 characters (found 263). [LineLength]
[ERROR] /home/michael/Documents/Bachelorarbeit/githubprojects/java/graal/tools/src/com.oracle.truffle.tools.dap.test/src/com/oracle/truffle/tools/dap/test/SimpleLanguageDAPTest.java:525: Line is longer than 250 characters (found 424). [LineLength]
[ERROR] /home/michael/Documents/Bachelorarbeit/githubprojects/java/graal/tools/src/com.oracle.truffle.tools.dap.test/src/com/oracle/truffle/tools/dap/test/SimpleLanguageDAPTest.java:542: Line is longer than 250 characters (found 417). [LineLength]
[ERROR] /home/michael/Documents/Bachelorarbeit/githubprojects/java/graal/tools/src/com.oracle.truffle.tools.dap.test/src/com/oracle/truffle/tools/dap/test/SimpleLanguageDAPTest.java:545: Line is longer than 250 characters (found 595). [LineLength]
[ERROR] /home/michael/Documents/Bachelorarbeit/githubprojects/java/graal/tools/src/com.oracle.truffle.tools.dap.test/src/com/oracle/truffle/tools/dap/test/SimpleLanguageDAPTest.java:564: Line is longer than 250 characters (found 304). [LineLength]
[ERROR] /home/michael/Documents/Bachelorarbeit/githubprojects/java/graal/tools/src/com.oracle.truffle.tools.dap.test/src/com/oracle/truffle/tools/dap/test/SimpleLanguageDAPTest.java:567: Line is longer than 250 characters (found 263). [LineLength]
[ERROR] /home/michael/Documents/Bachelorarbeit/githubprojects/java/graal/tools/src/com.oracle.truffle.tools.dap.test/src/com/oracle/truffle/tools/dap/test/SimpleLanguageDAPTest.java:578: Line is longer than 250 characters (found 305). [LineLength]
[ERROR] /home/michael/Documents/Bachelorarbeit/githubprojects/java/graal/tools/src/com.oracle.truffle.tools.dap.test/src/com/oracle/truffle/tools/dap/test/SimpleLanguageDAPTest.java:595: Line is longer than 250 characters (found 417). [LineLength]
[ERROR] /home/michael/Documents/Bachelorarbeit/githubprojects/java/graal/tools/src/com.oracle.truffle.tools.dap.test/src/com/oracle/truffle/tools/dap/test/SimpleLanguageDAPTest.java:598: Line is longer than 250 characters (found 595). [LineLength]
[ERROR] /home/michael/Documents/Bachelorarbeit/githubprojects/java/graal/tools/src/com.oracle.truffle.tools.dap.test/src/com/oracle/truffle/tools/dap/test/SimpleLanguageDAPTest.java:617: Line is longer than 250 characters (found 304). [LineLength]
[ERROR] /home/michael/Documents/Bachelorarbeit/githubprojects/java/graal/tools/src/com.oracle.truffle.tools.dap.test/src/com/oracle/truffle/tools/dap/test/SimpleLanguageDAPTest.java:620: Line is longer than 250 characters (found 291). [LineLength]
[ERROR] /home/michael/Documents/Bachelorarbeit/githubprojects/java/graal/tools/src/com.oracle.truffle.tools.dap.test/src/com/oracle/truffle/tools/dap/test/SimpleLanguageDAPTest.java:625: Line is longer than 250 characters (found 256). [LineLength]
[ERROR] /home/michael/Documents/Bachelorarbeit/githubprojects/java/graal/tools/src/com.oracle.truffle.tools.dap.test/src/com/oracle/truffle/tools/dap/test/SimpleLanguageDAPTest.java:635: Line is longer than 250 characters (found 305). [LineLength]
[ERROR] /home/michael/Documents/Bachelorarbeit/githubprojects/java/graal/tools/src/com.oracle.truffle.tools.dap.test/src/com/oracle/truffle/tools/dap/test/SimpleLanguageDAPTest.java:638: Line is longer than 250 characters (found 292). [LineLength]
[ERROR] /home/michael/Documents/Bachelorarbeit/githubprojects/java/graal/tools/src/com.oracle.truffle.tools.dap.test/src/com/oracle/truffle/tools/dap/test/SimpleLanguageDAPTest.java:640: Line is longer than 250 characters (found 323). [LineLength]
[ERROR] /home/michael/Documents/Bachelorarbeit/githubprojects/java/graal/tools/src/com.oracle.truffle.tools.dap.test/src/com/oracle/truffle/tools/dap/test/SimpleLanguageDAPTest.java:651: Line is longer than 250 characters (found 305). [LineLength]
[ERROR] /home/michael/Documents/Bachelorarbeit/githubprojects/java/graal/tools/src/com.oracle.truffle.tools.dap.test/src/com/oracle/truffle/tools/dap/test/SimpleLanguageDAPTest.java:654: Line is longer than 250 characters (found 358). [LineLength]
[ERROR] /home/michael/Documents/Bachelorarbeit/githubprojects/java/graal/tools/src/com.oracle.truffle.tools.dap.test/src/com/oracle/truffle/tools/dap/test/SimpleLanguageDAPTest.java:658: Line is longer than 250 characters (found 323). [LineLength]
[ERROR] /home/michael/Documents/Bachelorarbeit/githubprojects/java/graal/tools/src/com.oracle.truffle.tools.dap.test/src/com/oracle/truffle/tools/dap/test/SimpleLanguageDAPTest.java:675: Line is longer than 250 characters (found 417). [LineLength]
[ERROR] /home/michael/Documents/Bachelorarbeit/githubprojects/java/graal/tools/src/com.oracle.truffle.tools.dap.test/src/com/oracle/truffle/tools/dap/test/SimpleLanguageDAPTest.java:678: Line is longer than 250 characters (found 595). [LineLength]
[ERROR] /home/michael/Documents/Bachelorarbeit/githubprojects/java/graal/tools/src/com.oracle.truffle.tools.dap.test/src/com/oracle/truffle/tools/dap/test/SimpleLanguageDAPTest.java:697: Line is longer than 250 characters (found 304). [LineLength]
[ERROR] /home/michael/Documents/Bachelorarbeit/githubprojects/java/graal/tools/src/com.oracle.truffle.tools.dap.test/src/com/oracle/truffle/tools/dap/test/SimpleLanguageDAPTest.java:706: Line is longer than 250 characters (found 325). [LineLength]
[ERROR] /home/michael/Documents/Bachelorarbeit/githubprojects/java/graal/tools/src/com.oracle.truffle.tools.dap.test/src/com/oracle/truffle/tools/dap/test/SimpleLanguageDAPTest.java:714: Line is longer than 250 characters (found 417). [LineLength]
[ERROR] /home/michael/Documents/Bachelorarbeit/githubprojects/java/graal/tools/src/com.oracle.truffle.tools.dap.test/src/com/oracle/truffle/tools/dap/test/SimpleLanguageDAPTest.java:717: Line is longer than 250 characters (found 595). [LineLength]
[ERROR] /home/michael/Documents/Bachelorarbeit/githubprojects/java/graal/tools/src/com.oracle.truffle.tools.dap.test/src/com/oracle/truffle/tools/dap/test/SimpleLanguageDAPTest.java:736: Line is longer than 250 characters (found 304). [LineLength]
[ERROR] /home/michael/Documents/Bachelorarbeit/githubprojects/java/graal/tools/src/com.oracle.truffle.tools.dap.test/src/com/oracle/truffle/tools/dap/test/SimpleLanguageDAPTest.java:747: Line is longer than 250 characters (found 425). [LineLength]
[ERROR] /home/michael/Documents/Bachelorarbeit/githubprojects/java/graal/tools/src/com.oracle.truffle.tools.dap.test/src/com/oracle/truffle/tools/dap/test/SimpleLanguageDAPTest.java:758: Line is longer than 250 characters (found 543). [LineLength]
[ERROR] /home/michael/Documents/Bachelorarbeit/githubprojects/java/graal/tools/src/com.oracle.truffle.tools.dap.test/src/com/oracle/truffle/tools/dap/test/SimpleLanguageDAPTest.java:769: Line is longer than 250 characters (found 543). [LineLength]
[ERROR] /home/michael/Documents/Bachelorarbeit/githubprojects/java/graal/tools/src/com.oracle.truffle.tools.dap.test/src/com/oracle/truffle/tools/dap/test/SimpleLanguageDAPTest.java:771: Line is longer than 250 characters (found 292). [LineLength]
[ERROR] /home/michael/Documents/Bachelorarbeit/githubprojects/java/graal/tools/src/com.oracle.truffle.tools.dap.test/src/com/oracle/truffle/tools/dap/test/SimpleLanguageDAPTest.java:773: Line is longer than 250 characters (found 333). [LineLength]
[ERROR] /home/michael/Documents/Bachelorarbeit/githubprojects/java/graal/tools/src/com.oracle.truffle.tools.dap.test/src/com/oracle/truffle/tools/dap/test/SimpleLanguageDAPTest.java:787: Line is longer than 250 characters (found 427). [LineLength]
[ERROR] /home/michael/Documents/Bachelorarbeit/githubprojects/java/graal/tools/src/com.oracle.truffle.tools.dap.test/src/com/oracle/truffle/tools/dap/test/SimpleLanguageDAPTest.java:789: Line is longer than 250 characters (found 292). [LineLength]
[ERROR] /home/michael/Documents/Bachelorarbeit/githubprojects/java/graal/tools/src/com.oracle.truffle.tools.dap.test/src/com/oracle/truffle/tools/dap/test/SimpleLanguageDAPTest.java:791: Line is longer than 250 characters (found 322). [LineLength]
[ERROR] /home/michael/Documents/Bachelorarbeit/githubprojects/java/graal/tools/src/com.oracle.truffle.tools.dap.test/src/com/oracle/truffle/tools/dap/test/SimpleLanguageDAPTest.java:802: Line is longer than 250 characters (found 426). [LineLength]
[ERROR] /home/michael/Documents/Bachelorarbeit/githubprojects/java/graal/tools/src/com.oracle.truffle.tools.dap.test/src/com/oracle/truffle/tools/dap/test/SimpleLanguageDAPTest.java:804: Line is longer than 250 characters (found 292). [LineLength]
[ERROR] /home/michael/Documents/Bachelorarbeit/githubprojects/java/graal/tools/src/com.oracle.truffle.tools.dap.test/src/com/oracle/truffle/tools/dap/test/SimpleLanguageDAPTest.java:806: Line is longer than 250 characters (found 332). [LineLength]
[ERROR] /home/michael/Documents/Bachelorarbeit/githubprojects/java/graal/tools/src/com.oracle.truffle.tools.dap.test/src/com/oracle/truffle/tools/dap/test/SimpleLanguageDAPTest.java:817: Line is longer than 250 characters (found 543). [LineLength]
[ERROR] /home/michael/Documents/Bachelorarbeit/githubprojects/java/graal/tools/src/com.oracle.truffle.tools.dap.test/src/com/oracle/truffle/tools/dap/test/SimpleLanguageDAPTest.java:828: Line is longer than 250 characters (found 427). [LineLength]
[ERROR] /home/michael/Documents/Bachelorarbeit/githubprojects/java/graal/tools/src/com.oracle.truffle.tools.dap.test/src/com/oracle/truffle/tools/dap/test/SimpleLanguageDAPTest.java:830: Line is longer than 250 characters (found 292). [LineLength]
[ERROR] /home/michael/Documents/Bachelorarbeit/githubprojects/java/graal/tools/src/com.oracle.truffle.tools.dap.test/src/com/oracle/truffle/tools/dap/test/SimpleLanguageDAPTest.java:832: Line is longer than 250 characters (found 332). [LineLength]
[ERROR] /home/michael/Documents/Bachelorarbeit/githubprojects/java/graal/tools/src/com.oracle.truffle.tools.dap.test/src/com/oracle/truffle/tools/dap/test/SimpleLanguageDAPTest.java:846: Line is longer than 250 characters (found 417). [LineLength]
[ERROR] /home/michael/Documents/Bachelorarbeit/githubprojects/java/graal/tools/src/com.oracle.truffle.tools.dap.test/src/com/oracle/truffle/tools/dap/test/SimpleLanguageDAPTest.java:849: Line is longer than 250 characters (found 595). [LineLength]
[ERROR] /home/michael/Documents/Bachelorarbeit/githubprojects/java/graal/tools/src/com.oracle.truffle.tools.dap.test/src/com/oracle/truffle/tools/dap/test/SimpleLanguageDAPTest.java:868: Line is longer than 250 characters (found 304). [LineLength]
[ERROR] /home/michael/Documents/Bachelorarbeit/githubprojects/java/graal/tools/src/com.oracle.truffle.tools.dap.test/src/com/oracle/truffle/tools/dap/test/SimpleLanguageDAPTest.java:871: Line is longer than 250 characters (found 255). [LineLength]
[ERROR] /home/michael/Documents/Bachelorarbeit/githubprojects/java/graal/tools/src/com.oracle.truffle.tools.dap.test/src/com/oracle/truffle/tools/dap/test/SimpleLanguageDAPTest.java:873: Line is longer than 250 characters (found 262). [LineLength]
[ERROR] /home/michael/Documents/Bachelorarbeit/githubprojects/java/graal/tools/src/com.oracle.truffle.tools.dap.test/src/com/oracle/truffle/tools/dap/test/SimpleLanguageDAPTest.java:874: Line is longer than 250 characters (found 339). [LineLength]
[ERROR] /home/michael/Documents/Bachelorarbeit/githubprojects/java/graal/tools/src/com.oracle.truffle.tools.dap.test/src/com/oracle/truffle/tools/dap/test/SimpleLanguageDAPTest.java:876: Line is longer than 250 characters (found 279). [LineLength]
[ERROR] /home/michael/Documents/Bachelorarbeit/githubprojects/java/graal/tools/src/com.oracle.truffle.tools.dap.test/src/com/oracle/truffle/tools/dap/test/SimpleLanguageDAPTest.java:877: Line is longer than 250 characters (found 425). [LineLength]
[ERROR] /home/michael/Documents/Bachelorarbeit/githubprojects/java/graal/tools/src/com.oracle.truffle.tools.dap.test/src/com/oracle/truffle/tools/dap/test/SimpleLanguageDAPTest.java:879: Line is longer than 250 characters (found 297). [LineLength]
[ERROR] /home/michael/Documents/Bachelorarbeit/githubprojects/java/graal/tools/src/com.oracle.truffle.tools.dap.test/src/com/oracle/truffle/tools/dap/test/SimpleLanguageDAPTest.java:880: Line is longer than 250 characters (found 513). [LineLength]
[ERROR] /home/michael/Documents/Bachelorarbeit/githubprojects/java/graal/tools/src/com.oracle.truffle.tools.dap.test/src/com/oracle/truffle/tools/dap/test/SimpleLanguageDAPTest.java:883: Line is longer than 250 characters (found 256). [LineLength]
[ERROR] /home/michael/Documents/Bachelorarbeit/githubprojects/java/graal/tools/src/com.oracle.truffle.tools.dap.test/src/com/oracle/truffle/tools/dap/test/SimpleLanguageDAPTest.java:894: Line is longer than 250 characters (found 432). [LineLength]
[ERROR] /home/michael/Documents/Bachelorarbeit/githubprojects/java/graal/tools/src/com.oracle.truffle.tools.dap.test/src/com/oracle/truffle/tools/dap/test/SimpleLanguageDAPTest.java:908: Line is longer than 250 characters (found 417). [LineLength]
[ERROR] /home/michael/Documents/Bachelorarbeit/githubprojects/java/graal/tools/src/com.oracle.truffle.tools.dap.test/src/com/oracle/truffle/tools/dap/test/SimpleLanguageDAPTest.java:911: Line is longer than 250 characters (found 595). [LineLength]
[ERROR] /home/michael/Documents/Bachelorarbeit/githubprojects/java/graal/tools/src/com.oracle.truffle.tools.dap.test/src/com/oracle/truffle/tools/dap/test/SimpleLanguageDAPTest.java:930: Line is longer than 250 characters (found 304). [LineLength]
[ERROR] /home/michael/Documents/Bachelorarbeit/githubprojects/java/graal/tools/src/com.oracle.truffle.tools.dap.test/src/com/oracle/truffle/tools/dap/test/SimpleLanguageDAPTest.java:942: Line is longer than 250 characters (found 261). [LineLength]
[ERROR] /home/michael/Documents/Bachelorarbeit/githubprojects/java/graal/tools/src/com.oracle.truffle.tools.dap.test/src/com/oracle/truffle/tools/dap/test/SimpleLanguageDAPTest.java:954: Line is longer than 250 characters (found 261). [LineLength]
[ERROR] /home/michael/Documents/Bachelorarbeit/githubprojects/java/graal/tools/src/com.oracle.truffle.tools.dap.test/src/com/oracle/truffle/tools/dap/test/SimpleLanguageDAPTest.java:971: Line is longer than 250 characters (found 417). [LineLength]
[ERROR] /home/michael/Documents/Bachelorarbeit/githubprojects/java/graal/tools/src/com.oracle.truffle.tools.dap.test/src/com/oracle/truffle/tools/dap/test/SimpleLanguageDAPTest.java:974: Line is longer than 250 characters (found 595). [LineLength]
[ERROR] /home/michael/Documents/Bachelorarbeit/githubprojects/java/graal/tools/src/com.oracle.truffle.tools.dap.test/src/com/oracle/truffle/tools/dap/test/SimpleLanguageDAPTest.java:995: Line is longer than 250 characters (found 430). [LineLength]
[ERROR] /home/michael/Documents/Bachelorarbeit/githubprojects/java/graal/tools/src/com.oracle.truffle.tools.dap.test/src/com/oracle/truffle/tools/dap/test/SimpleLanguageDAPTest.java:1012: Line is longer than 250 characters (found 417). [LineLength]
[ERROR] /home/michael/Documents/Bachelorarbeit/githubprojects/java/graal/tools/src/com.oracle.truffle.tools.dap.test/src/com/oracle/truffle/tools/dap/test/SimpleLanguageDAPTest.java:1015: Line is longer than 250 characters (found 595). [LineLength]
[ERROR] /home/michael/Documents/Bachelorarbeit/githubprojects/java/graal/tools/src/com.oracle.truffle.tools.dap.test/src/com/oracle/truffle/tools/dap/test/SimpleLanguageDAPTest.java:1037: Line is longer than 250 characters (found 305). [LineLength]
[ERROR] /home/michael/Documents/Bachelorarbeit/githubprojects/java/graal/tools/src/com.oracle.truffle.tools.dap.test/src/com/oracle/truffle/tools/dap/test/SimpleLanguageDAPTest.java:1039: Line is longer than 250 characters (found 291). [LineLength]
[ERROR] /home/michael/Documents/Bachelorarbeit/githubprojects/java/graal/tools/src/com.oracle.truffle.tools.dap.test/src/com/oracle/truffle/tools/dap/test/SimpleLanguageDAPTest.java:1067: Line is longer than 250 characters (found 306). [LineLength]
[ERROR] /home/michael/Documents/Bachelorarbeit/githubprojects/java/graal/tools/src/com.oracle.truffle.tools.dap.test/src/com/oracle/truffle/tools/dap/test/SimpleLanguageDAPTest.java:1069: Line is longer than 250 characters (found 292). [LineLength]
[ERROR] /home/michael/Documents/Bachelorarbeit/githubprojects/java/graal/substratevm/src/com.oracle.svm.core.posix/src/com/oracle/svm/core/posix/aarch64/package-info.java:27:1: Missing a Javadoc comment. [JavadocStyle]
[ERROR] /home/michael/Documents/Bachelorarbeit/githubprojects/java/graal/substratevm/src/com.oracle.svm.core.posix/src/com/oracle/svm/core/posix/package-info.java:27:1: Missing a Javadoc comment. [JavadocStyle]
[ERROR] /home/michael/Documents/Bachelorarbeit/githubprojects/java/graal/substratevm/src/com.oracle.svm.core.posix/src/com/oracle/svm/core/posix/thread/package-info.java:27:1: Missing a Javadoc comment. [JavadocStyle]
[ERROR] /home/michael/Documents/Bachelorarbeit/githubprojects/java/graal/substratevm/src/com.oracle.svm.core.posix/src/com/oracle/svm/core/posix/linux/package-info.java:27:1: Missing a Javadoc comment. [JavadocStyle]
[ERROR] /home/michael/Documents/Bachelorarbeit/githubprojects/java/graal/substratevm/src/com.oracle.svm.core.posix/src/com/oracle/svm/core/posix/amd64/package-info.java:27:1: Missing a Javadoc comment. [JavadocStyle]
[ERROR] /home/michael/Documents/Bachelorarbeit/githubprojects/java/graal/substratevm/src/com.oracle.svm.core.posix/src/com/oracle/svm/core/posix/pthread/package-info.java:27:1: Missing a Javadoc comment. [JavadocStyle]
[ERROR] /home/michael/Documents/Bachelorarbeit/githubprojects/java/graal/substratevm/src/com.oracle.svm.core.posix/src/com/oracle/svm/core/posix/headers/package-info.java:27:1: Missing a Javadoc comment. [JavadocStyle]
[ERROR] /home/michael/Documents/Bachelorarbeit/githubprojects/java/graal/substratevm/src/com.oracle.svm.core.posix/src/com/oracle/svm/core/posix/headers/linux/package-info.java:27:1: Missing a Javadoc comment. [JavadocStyle]
[ERROR] /home/michael/Documents/Bachelorarbeit/githubprojects/java/graal/substratevm/src/com.oracle.svm.core.posix/src/com/oracle/svm/core/posix/headers/darwin/package-info.java:27:1: Missing a Javadoc comment. [JavadocStyle]
[ERROR] /home/michael/Documents/Bachelorarbeit/githubprojects/java/graal/substratevm/src/com.oracle.svm.core.posix/src/com/oracle/svm/core/posix/darwin/package-info.java:27:1: Missing a Javadoc comment. [JavadocStyle]
[ERROR] /home/michael/Documents/Bachelorarbeit/githubprojects/java/graal/substratevm/src/com.oracle.svm.reflect/src/com/oracle/svm/reflect/proxy/hosted/package-info.java:27:1: Missing a Javadoc comment. [JavadocStyle]
[ERROR] /home/michael/Documents/Bachelorarbeit/githubprojects/java/graal/substratevm/src/com.oracle.svm.reflect/src/com/oracle/svm/reflect/hosted/package-info.java:27:1: Missing a Javadoc comment. [JavadocStyle]
[ERROR] /home/michael/Documents/Bachelorarbeit/githubprojects/java/graal/substratevm/src/com.oracle.svm.jni/src/com/oracle/svm/jni/hosted/package-info.java:27:1: Missing a Javadoc comment. [JavadocStyle]
[ERROR] /home/michael/Documents/Bachelorarbeit/githubprojects/java/graal/substratevm/src/com.oracle.svm.core.windows/src/com/oracle/svm/core/windows/package-info.java:27:1: Missing a Javadoc comment. [JavadocStyle]
[ERROR] /home/michael/Documents/Bachelorarbeit/githubprojects/java/graal/substratevm/src/com.oracle.svm.core.windows/src/com/oracle/svm/core/windows/headers/package-info.java:27:1: Missing a Javadoc comment. [JavadocStyle]
[ERROR] /home/michael/Documents/Bachelorarbeit/githubprojects/java/graal/substratevm/src/com.oracle.svm.hosted/src/com/oracle/svm/hosted/meta/package-info.java:27:1: Missing a Javadoc comment. [JavadocStyle]
[ERROR] /home/michael/Documents/Bachelorarbeit/githubprojects/java/graal/substratevm/src/com.oracle.svm.hosted/src/com/oracle/svm/hosted/image/package-info.java:27:1: Missing a Javadoc comment. [JavadocStyle]
[ERROR] /home/michael/Documents/Bachelorarbeit/githubprojects/java/graal/substratevm/src/com.oracle.svm.hosted/src/com/oracle/svm/hosted/nodes/package-info.java:27:1: Missing a Javadoc comment. [JavadocStyle]
[ERROR] /home/michael/Documents/Bachelorarbeit/githubprojects/java/graal/substratevm/src/com.oracle.svm.hosted/src/com/oracle/svm/hosted/jdk/package-info.java:27:1: Missing a Javadoc comment. [JavadocStyle]
[ERROR] /home/michael/Documents/Bachelorarbeit/githubprojects/java/graal/substratevm/src/com.oracle.svm.hosted/src/com/oracle/svm/hosted/lambda/package-info.java:27:1: Missing a Javadoc comment. [JavadocStyle]
[ERROR] /home/michael/Documents/Bachelorarbeit/githubprojects/java/graal/substratevm/src/com.oracle.svm.hosted/src/com/oracle/svm/hosted/ameta/package-info.java:27:1: Missing a Javadoc comment. [JavadocStyle]
[ERROR] /home/michael/Documents/Bachelorarbeit/githubprojects/java/graal/substratevm/src/com.oracle.svm.hosted/src/com/oracle/svm/hosted/annotation/package-info.java:27:1: Missing a Javadoc comment. [JavadocStyle]
[ERROR] /home/michael/Documents/Bachelorarbeit/githubprojects/java/graal/substratevm/src/com.oracle.svm.hosted/src/com/oracle/svm/hosted/xml/package-info.java:27:1: Missing a Javadoc comment. [JavadocStyle]
[ERROR] /home/michael/Documents/Bachelorarbeit/githubprojects/java/graal/substratevm/src/com.oracle.svm.hosted/src/com/oracle/svm/hosted/phases/package-info.java:27:1: Missing a Javadoc comment. [JavadocStyle]
[ERROR] /home/michael/Documents/Bachelorarbeit/githubprojects/java/graal/substratevm/src/com.oracle.svm.hosted/src/com/oracle/svm/hosted/cenum/package-info.java:27:1: Missing a Javadoc comment. [JavadocStyle]
[ERROR] /home/michael/Documents/Bachelorarbeit/githubprojects/java/graal/substratevm/src/com.oracle.svm.hosted/src/com/oracle/svm/hosted/package-info.java:27:1: Missing a Javadoc comment. [JavadocStyle]
[ERROR] /home/michael/Documents/Bachelorarbeit/githubprojects/java/graal/substratevm/src/com.oracle.svm.hosted/src/com/oracle/svm/hosted/javafx/package-info.java:27:1: Missing a Javadoc comment. [JavadocStyle]
[ERROR] /home/michael/Documents/Bachelorarbeit/githubprojects/java/graal/substratevm/src/com.oracle.svm.hosted/src/com/oracle/svm/hosted/thread/package-info.java:27:1: Missing a Javadoc comment. [JavadocStyle]
[ERROR] /home/michael/Documents/Bachelorarbeit/githubprojects/java/graal/substratevm/src/com.oracle.svm.hosted/src/com/oracle/svm/hosted/code/aarch64/package-info.java:27:1: Missing a Javadoc comment. [JavadocStyle]
[ERROR] /home/michael/Documents/Bachelorarbeit/githubprojects/java/graal/substratevm/src/com.oracle.svm.hosted/src/com/oracle/svm/hosted/code/package-info.java:27:1: Missing a Javadoc comment. [JavadocStyle]
[ERROR] /home/michael/Documents/Bachelorarbeit/githubprojects/java/graal/substratevm/src/com.oracle.svm.hosted/src/com/oracle/svm/hosted/code/amd64/package-info.java:27:1: Missing a Javadoc comment. [JavadocStyle]
[ERROR] /home/michael/Documents/Bachelorarbeit/githubprojects/java/graal/substratevm/src/com.oracle.svm.hosted/src/com/oracle/svm/hosted/server/package-info.java:31:1: Missing a Javadoc comment. [JavadocStyle]
[ERROR] /home/michael/Documents/Bachelorarbeit/githubprojects/java/graal/substratevm/src/com.oracle.svm.hosted/src/com/oracle/svm/hosted/config/package-info.java:27:1: Missing a Javadoc comment. [JavadocStyle]
[ERROR] /home/michael/Documents/Bachelorarbeit/githubprojects/java/graal/substratevm/src/com.oracle.svm.hosted/src/com/oracle/svm/hosted/snippets/package-info.java:27:1: Missing a Javadoc comment. [JavadocStyle]
[ERROR] /home/michael/Documents/Bachelorarbeit/githubprojects/java/graal/substratevm/src/com.oracle.svm.hosted/src/com/oracle/svm/hosted/analysis/package-info.java:27:1: Missing a Javadoc comment. [JavadocStyle]
[ERROR] /home/michael/Documents/Bachelorarbeit/githubprojects/java/graal/substratevm/src/com.oracle.svm.hosted/src/com/oracle/svm/hosted/analysis/flow/package-info.java:27:1: Missing a Javadoc comment. [JavadocStyle]
[ERROR] /home/michael/Documents/Bachelorarbeit/githubprojects/java/graal/substratevm/src/com.oracle.svm.hosted/src/com/oracle/svm/hosted/c/query/package-info.java:27:1: Missing a Javadoc comment. [JavadocStyle]
[ERROR] /home/michael/Documents/Bachelorarbeit/githubprojects/java/graal/substratevm/src/com.oracle.svm.hosted/src/com/oracle/svm/hosted/c/function/package-info.java:27:1: Missing a Javadoc comment. [JavadocStyle]
[ERROR] /home/michael/Documents/Bachelorarbeit/githubprojects/java/graal/substratevm/src/com.oracle.svm.hosted/src/com/oracle/svm/hosted/c/codegen/package-info.java:27:1: Missing a Javadoc comment. [JavadocStyle]
[ERROR] /home/michael/Documents/Bachelorarbeit/githubprojects/java/graal/substratevm/src/com.oracle.svm.hosted/src/com/oracle/svm/hosted/c/util/package-info.java:27:1: Missing a Javadoc comment. [JavadocStyle]
[ERROR] /home/michael/Documents/Bachelorarbeit/githubprojects/java/graal/substratevm/src/com.oracle.svm.hosted/src/com/oracle/svm/hosted/c/info/package-info.java:27:1: Missing a Javadoc comment. [JavadocStyle]
[ERROR] /home/michael/Documents/Bachelorarbeit/githubprojects/java/graal/substratevm/src/com.oracle.svm.hosted/src/com/oracle/svm/hosted/option/package-info.java:27:1: Missing a Javadoc comment. [JavadocStyle]
[ERROR] /home/michael/Documents/Bachelorarbeit/githubprojects/java/graal/substratevm/src/com.oracle.svm.hosted/src/com/oracle/svm/hosted/classinitialization/package-info.java:31:1: Missing a Javadoc comment. [JavadocStyle]
[ERROR] /home/michael/Documents/Bachelorarbeit/githubprojects/java/graal/substratevm/src/com.oracle.svm.hosted/src/com/oracle/svm/hosted/substitute/package-info.java:27:1: Missing a Javadoc comment. [JavadocStyle]
[ERROR] /home/michael/Documents/Bachelorarbeit/githubprojects/java/graal/substratevm/src/com.oracle.svm.hosted.jdk14/src/com/oracle/svm/hosted/jdk/JNIRegistrationSupport_JDK14OrLater.java:38: First sentence should end with a period. [JavadocStyle]
[ERROR] /home/michael/Documents/Bachelorarbeit/githubprojects/java/graal/substratevm/src/com.oracle.svm.core.containers/src/com/oracle/svm/core/containers/CgroupSubsystem.java:29: First sentence should end with a period. [JavadocStyle]
[ERROR] /home/michael/Documents/Bachelorarbeit/githubprojects/java/graal/substratevm/src/com.oracle.svm.core.containers/src/com/oracle/svm/core/containers/CgroupSubsystemController.java:40: First sentence should end with a period. [JavadocStyle]
[ERROR] /home/michael/Documents/Bachelorarbeit/githubprojects/java/graal/substratevm/src/com.oracle.svm.core.containers/src/com/oracle/svm/core/containers/CgroupInfo.java:31: First sentence should end with a period. [JavadocStyle]
[ERROR] /home/michael/Documents/Bachelorarbeit/githubprojects/java/graal/substratevm/src/com.oracle.svm.core.containers/src/com/oracle/svm/core/containers/Metrics.java:30: First sentence should end with a period. [JavadocStyle]
[ERROR] /home/michael/Documents/Bachelorarbeit/githubprojects/java/graal/substratevm/src/com.oracle.svm.core.containers/src/com/oracle/svm/core/containers/Metrics.java:180: First sentence should end with a period. [JavadocStyle]
[ERROR] /home/michael/Documents/Bachelorarbeit/githubprojects/java/graal/substratevm/src/com.oracle.svm.core.containers/src/com/oracle/svm/core/containers/cgroupv1/CgroupV1Subsystem.java:127: First sentence should end with a period. [JavadocStyle]
[ERROR] /home/michael/Documents/Bachelorarbeit/githubprojects/java/graal/substratevm/src/com.oracle.svm.core.containers/src/com/oracle/svm/core/containers/cgroupv1/CgroupV1Subsystem.java:160: First sentence should end with a period. [JavadocStyle]
[ERROR] /home/michael/Documents/Bachelorarbeit/githubprojects/java/graal/substratevm/src/com.oracle.svm.core.containers/src/com/oracle/svm/core/containers/cgroupv1/CgroupV1Subsystem.java:279: First sentence should end with a period. [JavadocStyle]
[ERROR] /home/michael/Documents/Bachelorarbeit/githubprojects/java/graal/substratevm/src/com.oracle.svm.core.containers/src/com/oracle/svm/core/containers/cgroupv1/CgroupV1Subsystem.java:311: First sentence should end with a period. [JavadocStyle]
[ERROR] /home/michael/Documents/Bachelorarbeit/githubprojects/java/graal/substratevm/src/com.oracle.svm.core.containers/src/com/oracle/svm/core/containers/cgroupv1/CgroupV1Subsystem.java:349: First sentence should end with a period. [JavadocStyle]
[ERROR] /home/michael/Documents/Bachelorarbeit/githubprojects/java/graal/substratevm/src/com.oracle.svm.core.containers/src/com/oracle/svm/core/containers/cgroupv1/CgroupV1Subsystem.java:379: First sentence should end with a period. [JavadocStyle]
[ERROR] /home/michael/Documents/Bachelorarbeit/githubprojects/java/graal/substratevm/src/com.oracle.svm.core.containers/src/com/oracle/svm/core/containers/cgroupv1/CgroupV1Subsystem.java:480: First sentence should end with a period. [JavadocStyle]
[ERROR] /home/michael/Documents/Bachelorarbeit/githubprojects/java/graal/substratevm/src/com.oracle.svm.core.containers/src/com/oracle/svm/core/containers/CgroupV1MetricsImpl.java:29: First sentence should end with a period. [JavadocStyle]
Audit done.
Checkstyle ends with 289 errors.

